2020-02-07 18:47:34,697 INFO (StartupInfoLogger.java:55)- Starting SwimApplication on DESKTOP-DEQVMEN with PID 693144 (D:\Workspaces\eclipse\Swim\target\classes started by xiu in D:\Workspaces\eclipse\Swim)
2020-02-07 18:47:34,699 DEBUG (StartupInfoLogger.java:56)- Running with Spring Boot v2.2.2.RELEASE, Spring v5.2.2.RELEASE
2020-02-07 18:47:34,700 INFO (SpringApplication.java:651)- No active profile set, falling back to default profiles: default
2020-02-07 18:47:40,429 INFO (StartupInfoLogger.java:61)- Started SwimApplication in 6.288 seconds (JVM running for 6.911)
2020-02-07 18:47:49,870 INFO (StartupInfoLogger.java:55)- Starting SwimApplication on DESKTOP-DEQVMEN with PID 693816 (D:\Workspaces\eclipse\Swim\target\classes started by xiu in D:\Workspaces\eclipse\Swim)
2020-02-07 18:47:49,877 DEBUG (StartupInfoLogger.java:56)- Running with Spring Boot v2.2.2.RELEASE, Spring v5.2.2.RELEASE
2020-02-07 18:47:49,877 INFO (SpringApplication.java:651)- No active profile set, falling back to default profiles: default
2020-02-07 18:47:55,794 INFO (StartupInfoLogger.java:61)- Started SwimApplication in 6.489 seconds (JVM running for 7.041)
2020-02-07 18:48:06,964 INFO (LoginController.java:27)- User{id=1, username='1', password='1', userInfo=UserInfo{id=1, status=true, authority=2, createTime=2020-01-05 23:32:53.0, swim_status=false}, userMessage=UserMessage{id=1, name='名字', sex='女', birthday=2020-01-10, phoneNumber='13399999999'}, account=null, member=null, swimHistory=null}
2020-02-07 18:51:03,497 INFO (StartupInfoLogger.java:55)- Starting SwimApplication on DESKTOP-DEQVMEN with PID 693816 (D:\Workspaces\eclipse\Swim\target\classes started by xiu in D:\Workspaces\eclipse\Swim)
2020-02-07 18:51:03,498 DEBUG (StartupInfoLogger.java:56)- Running with Spring Boot v2.2.2.RELEASE, Spring v5.2.2.RELEASE
2020-02-07 18:51:03,498 INFO (SpringApplication.java:651)- No active profile set, falling back to default profiles: default
2020-02-07 18:51:04,204 INFO (StartupInfoLogger.java:61)- Started SwimApplication in 0.739 seconds (JVM running for 195.451)
2020-02-07 18:51:06,591 INFO (StartupInfoLogger.java:55)- Starting SwimApplicationTests on DESKTOP-DEQVMEN with PID 679304 (started by xiu in D:\Workspaces\eclipse\Swim)
2020-02-07 18:51:06,591 DEBUG (StartupInfoLogger.java:56)- Running with Spring Boot v2.2.2.RELEASE, Spring v5.2.2.RELEASE
2020-02-07 18:51:06,592 INFO (SpringApplication.java:651)- No active profile set, falling back to default profiles: default
2020-02-07 18:51:12,243 INFO (StartupInfoLogger.java:61)- Started SwimApplicationTests in 6.088 seconds (JVM running for 7.021)
2020-02-07 19:50:37,637 INFO (StartupInfoLogger.java:55)- Starting SwimApplication on DESKTOP-DEQVMEN with PID 701856 (D:\Workspaces\eclipse\Swim\target\classes started by xiu in D:\Workspaces\eclipse\Swim)
2020-02-07 19:50:37,640 DEBUG (StartupInfoLogger.java:56)- Running with Spring Boot v2.2.2.RELEASE, Spring v5.2.2.RELEASE
2020-02-07 19:50:37,641 INFO (SpringApplication.java:651)- No active profile set, falling back to default profiles: default
2020-02-07 19:50:44,157 INFO (StartupInfoLogger.java:61)- Started SwimApplication in 7.176 seconds (JVM running for 7.868)
2020-02-07 19:55:35,871 INFO (StartupInfoLogger.java:55)- Starting SwimApplication on DESKTOP-DEQVMEN with PID 660840 (D:\Workspaces\eclipse\Swim\target\classes started by xiu in D:\Workspaces\eclipse\Swim)
2020-02-07 19:55:35,873 DEBUG (StartupInfoLogger.java:56)- Running with Spring Boot v2.2.2.RELEASE, Spring v5.2.2.RELEASE
2020-02-07 19:55:35,874 INFO (SpringApplication.java:651)- No active profile set, falling back to default profiles: default
2020-02-07 19:55:41,569 INFO (StartupInfoLogger.java:61)- Started SwimApplication in 6.194 seconds (JVM running for 6.792)
2020-02-07 19:57:08,698 INFO (StartupInfoLogger.java:55)- Starting SwimApplication on DESKTOP-DEQVMEN with PID 697632 (D:\Workspaces\eclipse\Swim\target\classes started by xiu in D:\Workspaces\eclipse\Swim)
2020-02-07 19:57:08,700 DEBUG (StartupInfoLogger.java:56)- Running with Spring Boot v2.2.2.RELEASE, Spring v5.2.2.RELEASE
2020-02-07 19:57:08,701 INFO (SpringApplication.java:651)- No active profile set, falling back to default profiles: default
2020-02-07 19:57:14,950 INFO (StartupInfoLogger.java:61)- Started SwimApplication in 6.859 seconds (JVM running for 7.599)
2020-02-07 20:15:15,653 INFO (StartupInfoLogger.java:55)- Starting SwimApplication on DESKTOP-DEQVMEN with PID 694424 (D:\Workspaces\eclipse\Swim\target\classes started by xiu in D:\Workspaces\eclipse\Swim)
2020-02-07 20:15:15,658 DEBUG (StartupInfoLogger.java:56)- Running with Spring Boot v2.2.2.RELEASE, Spring v5.2.2.RELEASE
2020-02-07 20:15:15,659 INFO (SpringApplication.java:651)- No active profile set, falling back to default profiles: default
2020-02-07 20:15:22,909 INFO (StartupInfoLogger.java:61)- Started SwimApplication in 7.946 seconds (JVM running for 8.589)
2020-02-07 20:16:43,121 INFO (StartupInfoLogger.java:55)- Starting SwimApplication on DESKTOP-DEQVMEN with PID 677248 (D:\Workspaces\eclipse\Swim\target\classes started by xiu in D:\Workspaces\eclipse\Swim)
2020-02-07 20:16:43,124 DEBUG (StartupInfoLogger.java:56)- Running with Spring Boot v2.2.2.RELEASE, Spring v5.2.2.RELEASE
2020-02-07 20:16:43,125 INFO (SpringApplication.java:651)- No active profile set, falling back to default profiles: default
2020-02-07 20:16:49,983 INFO (StartupInfoLogger.java:61)- Started SwimApplication in 7.581 seconds (JVM running for 8.326)
2020-02-07 20:18:42,838 INFO (StartupInfoLogger.java:55)- Starting SwimApplication on DESKTOP-DEQVMEN with PID 703264 (D:\Workspaces\eclipse\Swim\target\classes started by xiu in D:\Workspaces\eclipse\Swim)
2020-02-07 20:18:42,840 DEBUG (StartupInfoLogger.java:56)- Running with Spring Boot v2.2.2.RELEASE, Spring v5.2.2.RELEASE
2020-02-07 20:18:42,841 INFO (SpringApplication.java:651)- No active profile set, falling back to default profiles: default
2020-02-07 20:18:48,539 INFO (StartupInfoLogger.java:61)- Started SwimApplication in 6.256 seconds (JVM running for 6.941)
2020-02-07 20:19:46,992 INFO (StartupInfoLogger.java:55)- Starting SwimApplication on DESKTOP-DEQVMEN with PID 691420 (D:\Workspaces\eclipse\Swim\target\classes started by xiu in D:\Workspaces\eclipse\Swim)
2020-02-07 20:19:46,994 DEBUG (StartupInfoLogger.java:56)- Running with Spring Boot v2.2.2.RELEASE, Spring v5.2.2.RELEASE
2020-02-07 20:19:46,995 INFO (SpringApplication.java:651)- No active profile set, falling back to default profiles: default
2020-02-07 20:19:52,747 INFO (StartupInfoLogger.java:61)- Started SwimApplication in 6.262 seconds (JVM running for 6.853)
2020-02-07 20:19:55,010 INFO (StartupInfoLogger.java:55)- Starting SwimApplication on DESKTOP-DEQVMEN with PID 679316 (D:\Workspaces\eclipse\Swim\target\classes started by xiu in D:\Workspaces\eclipse\Swim)
2020-02-07 20:19:55,012 DEBUG (StartupInfoLogger.java:56)- Running with Spring Boot v2.2.2.RELEASE, Spring v5.2.2.RELEASE
2020-02-07 20:19:55,013 INFO (SpringApplication.java:651)- No active profile set, falling back to default profiles: default
2020-02-07 20:20:01,182 INFO (StartupInfoLogger.java:61)- Started SwimApplication in 6.716 seconds (JVM running for 7.324)
