2020-02-29 18:46:10.506 [restartedMain] DEBUG org.springframework.web.context.ContextLoader - Published root WebApplicationContext as ServletContext attribute with name [org.springframework.web.context.WebApplicationContext.ROOT]
2020-02-29 18:46:56.227 [restartedMain] DEBUG org.springframework.web.context.ContextLoader - Published root WebApplicationContext as ServletContext attribute with name [org.springframework.web.context.WebApplicationContext.ROOT]
2020-02-29 18:46:59.405 [restartedMain] DEBUG o.s.w.s.m.m.a.RequestMappingHandlerMapping - 88 mappings in 'requestMappingHandlerMapping'
2020-02-29 18:46:59.438 [restartedMain] DEBUG o.s.web.servlet.handler.SimpleUrlHandlerMapping - Patterns [/**, /templates/**, /webjars/**] in 'resourceHandlerMapping'
2020-02-29 18:46:59.478 [restartedMain] DEBUG o.s.w.s.m.m.a.RequestMappingHandlerAdapter - ControllerAdvice beans: 0 @ModelAttribute, 0 @InitBinder, 1 RequestBodyAdvice, 1 ResponseBodyAdvice
2020-02-29 18:46:59.530 [restartedMain] DEBUG o.s.w.s.m.m.a.ExceptionHandlerExceptionResolver - ControllerAdvice beans: 0 @ExceptionHandler, 1 ResponseBodyAdvice
2020-02-29 18:47:01.676 [http-nio-8080-exec-3] DEBUG org.springframework.web.servlet.DispatcherServlet - Detected StandardServletMultipartResolver
2020-02-29 18:47:01.689 [http-nio-8080-exec-3] DEBUG org.springframework.web.servlet.DispatcherServlet - enableLoggingRequestDetails='false': request parameters and headers will be masked to prevent unsafe logging of potentially sensitive data
2020-02-29 18:47:01.771 [http-nio-8080-exec-2] DEBUG org.springframework.web.servlet.DispatcherServlet - GET "/login;jsessionid=4D7642295003A1BCA594C6C9B013A180", parameters={}
2020-02-29 18:47:01.779 [http-nio-8080-exec-2] DEBUG o.s.w.s.m.m.a.RequestMappingHandlerMapping - Mapped to com.swim.controller.PageController#toLogin(HttpServletRequest, HttpServletResponse)
2020-02-29 18:47:02.342 [http-nio-8080-exec-2] DEBUG org.springframework.web.servlet.DispatcherServlet - Completed 200 OK
2020-02-29 18:47:02.384 [http-nio-8080-exec-1] DEBUG org.springframework.web.servlet.DispatcherServlet - GET "/css/bootstrap.min.css", parameters={}
2020-02-29 18:47:02.386 [http-nio-8080-exec-4] DEBUG org.springframework.web.servlet.DispatcherServlet - GET "/js/jquery-1.11.0.js", parameters={}
2020-02-29 18:47:02.389 [http-nio-8080-exec-5] DEBUG org.springframework.web.servlet.DispatcherServlet - GET "/js/bootstrap.min.js", parameters={}
2020-02-29 18:47:02.390 [http-nio-8080-exec-6] DEBUG org.springframework.web.servlet.DispatcherServlet - GET "/js/Mylogin.js", parameters={}
2020-02-29 18:47:02.390 [http-nio-8080-exec-8] DEBUG org.springframework.web.servlet.DispatcherServlet - GET "/layui/layui.js", parameters={}
2020-02-29 18:47:02.391 [http-nio-8080-exec-10] DEBUG org.springframework.web.servlet.DispatcherServlet - GET "/framework/cframe.js", parameters={}
2020-02-29 18:47:02.400 [http-nio-8080-exec-10] DEBUG o.s.web.servlet.handler.SimpleUrlHandlerMapping - Mapped to ResourceHttpRequestHandler ["classpath:/static/"]
2020-02-29 18:47:02.400 [http-nio-8080-exec-5] DEBUG o.s.web.servlet.handler.SimpleUrlHandlerMapping - Mapped to ResourceHttpRequestHandler ["classpath:/static/"]
2020-02-29 18:47:02.400 [http-nio-8080-exec-6] DEBUG o.s.web.servlet.handler.SimpleUrlHandlerMapping - Mapped to ResourceHttpRequestHandler ["classpath:/static/"]
2020-02-29 18:47:02.400 [http-nio-8080-exec-4] DEBUG o.s.web.servlet.handler.SimpleUrlHandlerMapping - Mapped to ResourceHttpRequestHandler ["classpath:/static/"]
2020-02-29 18:47:02.400 [http-nio-8080-exec-1] DEBUG o.s.web.servlet.handler.SimpleUrlHandlerMapping - Mapped to ResourceHttpRequestHandler ["classpath:/static/"]
2020-02-29 18:47:02.400 [http-nio-8080-exec-8] DEBUG o.s.web.servlet.handler.SimpleUrlHandlerMapping - Mapped to ResourceHttpRequestHandler ["classpath:/static/"]
2020-02-29 18:47:02.425 [http-nio-8080-exec-10] DEBUG org.springframework.web.servlet.DispatcherServlet - Completed 200 OK
2020-02-29 18:47:02.426 [http-nio-8080-exec-6] DEBUG org.springframework.web.servlet.DispatcherServlet - Completed 200 OK
2020-02-29 18:47:02.427 [http-nio-8080-exec-8] DEBUG org.springframework.web.servlet.DispatcherServlet - Completed 200 OK
2020-02-29 18:47:02.427 [http-nio-8080-exec-5] DEBUG org.springframework.web.servlet.DispatcherServlet - Completed 200 OK
2020-02-29 18:47:02.428 [http-nio-8080-exec-1] DEBUG org.springframework.web.servlet.DispatcherServlet - Completed 200 OK
2020-02-29 18:47:02.430 [http-nio-8080-exec-9] DEBUG org.springframework.web.servlet.DispatcherServlet - GET "/css/base.css", parameters={}
2020-02-29 18:47:02.432 [http-nio-8080-exec-4] DEBUG org.springframework.web.servlet.DispatcherServlet - Completed 200 OK
2020-02-29 18:47:02.432 [http-nio-8080-exec-7] DEBUG org.springframework.web.servlet.DispatcherServlet - GET "/fonts/iconfont.css", parameters={}
2020-02-29 18:47:02.433 [http-nio-8080-exec-9] DEBUG o.s.web.servlet.handler.SimpleUrlHandlerMapping - Mapped to ResourceHttpRequestHandler ["classpath:/static/"]
2020-02-29 18:47:02.434 [http-nio-8080-exec-7] DEBUG o.s.web.servlet.handler.SimpleUrlHandlerMapping - Mapped to ResourceHttpRequestHandler ["classpath:/static/"]
2020-02-29 18:47:02.434 [http-nio-8080-exec-4] DEBUG org.springframework.web.servlet.DispatcherServlet - GET "/layui/css/layui.css", parameters={}
2020-02-29 18:47:02.436 [http-nio-8080-exec-4] DEBUG o.s.web.servlet.handler.SimpleUrlHandlerMapping - Mapped to ResourceHttpRequestHandler ["classpath:/static/"]
2020-02-29 18:47:02.437 [http-nio-8080-exec-7] DEBUG org.springframework.web.servlet.DispatcherServlet - Completed 200 OK
2020-02-29 18:47:02.438 [http-nio-8080-exec-3] DEBUG org.springframework.web.servlet.DispatcherServlet - GET "/css/login.css", parameters={}
2020-02-29 18:47:02.436 [http-nio-8080-exec-2] DEBUG org.springframework.web.servlet.DispatcherServlet - GET "/js/login.js", parameters={}
2020-02-29 18:47:02.440 [http-nio-8080-exec-9] DEBUG org.springframework.web.servlet.DispatcherServlet - Completed 200 OK
2020-02-29 18:47:02.440 [http-nio-8080-exec-4] DEBUG org.springframework.web.servlet.DispatcherServlet - Completed 200 OK
2020-02-29 18:47:02.444 [http-nio-8080-exec-2] DEBUG o.s.web.servlet.handler.SimpleUrlHandlerMapping - Mapped to ResourceHttpRequestHandler ["classpath:/static/"]
2020-02-29 18:47:02.445 [http-nio-8080-exec-6] DEBUG org.springframework.web.servlet.DispatcherServlet - GET "/login/verifyCode", parameters={}
2020-02-29 18:47:02.445 [http-nio-8080-exec-6] DEBUG o.s.w.s.m.m.a.RequestMappingHandlerMapping - Mapped to com.swim.controller.PageController#getVerifyCode(HttpServletRequest, HttpServletResponse)
2020-02-29 18:47:02.445 [http-nio-8080-exec-3] DEBUG o.s.web.servlet.handler.SimpleUrlHandlerMapping - Mapped to ResourceHttpRequestHandler ["classpath:/static/"]
2020-02-29 18:47:02.449 [http-nio-8080-exec-2] DEBUG org.springframework.web.servlet.DispatcherServlet - Completed 200 OK
2020-02-29 18:47:02.450 [http-nio-8080-exec-3] DEBUG org.springframework.web.servlet.DispatcherServlet - Completed 200 OK
2020-02-29 18:47:02.679 [http-nio-8080-exec-5] DEBUG org.springframework.web.servlet.DispatcherServlet - GET "/images/login_bg1.jpg", parameters={}
2020-02-29 18:47:02.679 [http-nio-8080-exec-1] DEBUG org.springframework.web.servlet.DispatcherServlet - GET "/layui/font/iconfont.woff?v=220", parameters={masked}
2020-02-29 18:47:02.679 [http-nio-8080-exec-8] DEBUG org.springframework.web.servlet.DispatcherServlet - GET "/images/login_bg2.jpg", parameters={}
2020-02-29 18:47:02.681 [http-nio-8080-exec-8] DEBUG o.s.web.servlet.handler.SimpleUrlHandlerMapping - Mapped to ResourceHttpRequestHandler ["classpath:/static/"]
2020-02-29 18:47:02.681 [http-nio-8080-exec-5] DEBUG o.s.web.servlet.handler.SimpleUrlHandlerMapping - Mapped to ResourceHttpRequestHandler ["classpath:/static/"]
2020-02-29 18:47:02.681 [http-nio-8080-exec-1] DEBUG o.s.web.servlet.handler.SimpleUrlHandlerMapping - Mapped to ResourceHttpRequestHandler ["classpath:/static/"]
2020-02-29 18:47:02.691 [http-nio-8080-exec-8] DEBUG org.springframework.web.servlet.DispatcherServlet - Completed 200 OK
2020-02-29 18:47:02.693 [http-nio-8080-exec-5] DEBUG org.springframework.web.servlet.DispatcherServlet - Completed 200 OK
2020-02-29 18:47:02.713 [http-nio-8080-exec-1] DEBUG org.springframework.web.servlet.DispatcherServlet - Completed 200 OK
2020-02-29 18:47:02.803 [http-nio-8080-exec-10] DEBUG org.springframework.web.servlet.DispatcherServlet - GET "/layui/lay/modules/form.js", parameters={}
2020-02-29 18:47:02.804 [http-nio-8080-exec-10] DEBUG o.s.web.servlet.handler.SimpleUrlHandlerMapping - Mapped to ResourceHttpRequestHandler ["classpath:/static/"]
2020-02-29 18:47:02.804 [http-nio-8080-exec-7] DEBUG org.springframework.web.servlet.DispatcherServlet - GET "/layui/lay/modules/carousel.js", parameters={}
2020-02-29 18:47:02.805 [http-nio-8080-exec-7] DEBUG o.s.web.servlet.handler.SimpleUrlHandlerMapping - Mapped to ResourceHttpRequestHandler ["classpath:/static/"]
2020-02-29 18:47:02.811 [http-nio-8080-exec-7] DEBUG org.springframework.web.servlet.DispatcherServlet - Completed 200 OK
2020-02-29 18:47:02.812 [http-nio-8080-exec-10] DEBUG org.springframework.web.servlet.DispatcherServlet - Completed 200 OK
2020-02-29 18:47:02.896 [http-nio-8080-exec-4] DEBUG org.springframework.web.servlet.DispatcherServlet - GET "/layui/lay/modules/layer.js", parameters={}
2020-02-29 18:47:02.897 [http-nio-8080-exec-4] DEBUG o.s.web.servlet.handler.SimpleUrlHandlerMapping - Mapped to ResourceHttpRequestHandler ["classpath:/static/"]
2020-02-29 18:47:02.900 [http-nio-8080-exec-4] DEBUG org.springframework.web.servlet.DispatcherServlet - Completed 200 OK
2020-02-29 18:47:02.988 [http-nio-8080-exec-9] DEBUG org.springframework.web.servlet.DispatcherServlet - GET "/layui/css/modules/layer/default/layer.css?v=3.1.1", parameters={masked}
2020-02-29 18:47:02.990 [http-nio-8080-exec-9] DEBUG o.s.web.servlet.handler.SimpleUrlHandlerMapping - Mapped to ResourceHttpRequestHandler ["classpath:/static/"]
2020-02-29 18:47:02.994 [http-nio-8080-exec-9] DEBUG org.springframework.web.servlet.DispatcherServlet - Completed 200 OK
2020-02-29 18:47:03.204 [http-nio-8080-exec-6] DEBUG org.springframework.web.servlet.DispatcherServlet - Completed 200 OK
2020-02-29 18:47:03.232 [http-nio-8080-exec-2] DEBUG org.springframework.web.servlet.DispatcherServlet - GET "/images/favicon.ico", parameters={}
2020-02-29 18:47:03.233 [http-nio-8080-exec-2] DEBUG o.s.web.servlet.handler.SimpleUrlHandlerMapping - Mapped to ResourceHttpRequestHandler ["classpath:/static/"]
2020-02-29 18:47:03.269 [http-nio-8080-exec-2] DEBUG org.springframework.web.servlet.DispatcherServlet - Completed 200 OK
2020-02-29 18:47:07.321 [http-nio-8080-exec-3] DEBUG org.springframework.web.servlet.DispatcherServlet - GET "/login/verifyCode?timeStamp=Sat%20Feb%2029%202020%2018:47:07%20GMT+0800%20(%E4%B8%AD%E5%9B%BD%E6%A0%87%E5%87%86%E6%97%B6%E9%97%B4)", parameters={masked}
2020-02-29 18:47:07.322 [http-nio-8080-exec-3] DEBUG o.s.w.s.m.m.a.RequestMappingHandlerMapping - Mapped to com.swim.controller.PageController#getVerifyCode(HttpServletRequest, HttpServletResponse)
2020-02-29 18:47:07.333 [http-nio-8080-exec-3] DEBUG org.springframework.web.servlet.DispatcherServlet - Completed 200 OK
2020-02-29 18:47:13.605 [http-nio-8080-exec-8] DEBUG org.springframework.web.servlet.DispatcherServlet - POST "/login/codeIncorrect", parameters={masked}
2020-02-29 18:47:13.605 [http-nio-8080-exec-8] DEBUG o.s.w.s.m.m.a.RequestMappingHandlerMapping - Mapped to com.swim.controller.LoginController#codeIncorrect(HttpSession, String)
2020-02-29 18:47:13.656 [http-nio-8080-exec-8] DEBUG o.s.w.s.m.m.a.RequestResponseBodyMethodProcessor - Using 'application/json', given [*/*] and supported [application/json, application/*+json]
2020-02-29 18:47:13.657 [http-nio-8080-exec-8] DEBUG o.s.w.s.m.m.a.RequestResponseBodyMethodProcessor - Writing [1]
2020-02-29 18:47:13.661 [http-nio-8080-exec-8] DEBUG org.springframework.web.servlet.DispatcherServlet - Completed 200 OK
2020-02-29 18:47:13.676 [http-nio-8080-exec-5] DEBUG org.springframework.web.servlet.DispatcherServlet - POST "/login/user", parameters={masked}
2020-02-29 18:47:13.677 [http-nio-8080-exec-5] DEBUG o.s.w.s.m.m.a.RequestMappingHandlerMapping - Mapped to com.swim.controller.LoginController#login(User, String, HttpSession, Model)
2020-02-29 18:47:14.715 [http-nio-8080-exec-5] DEBUG org.springframework.web.servlet.DispatcherServlet - Failed to complete request: org.apache.shiro.authc.AuthenticationException: Authentication failed for token submission [org.apache.shiro.authc.UsernamePasswordToken - 1, rememberMe=false].  Possible unexpected error? (Typical or expected login exceptions should extend from AuthenticationException).
2020-02-29 18:47:14.721 [http-nio-8080-exec-5] DEBUG org.springframework.web.servlet.DispatcherServlet - "ERROR" dispatch for POST "/error", parameters={masked}
2020-02-29 18:47:14.723 [http-nio-8080-exec-5] DEBUG o.s.w.s.m.m.a.RequestMappingHandlerMapping - Mapped to org.springframework.boot.autoconfigure.web.servlet.error.BasicErrorController#errorHtml(HttpServletRequest, HttpServletResponse)
2020-02-29 18:47:14.723 [http-nio-8080-exec-5] DEBUG org.springframework.web.servlet.DispatcherServlet - Exiting from "ERROR" dispatch, status 302
2020-02-29 18:47:14.730 [http-nio-8080-exec-1] DEBUG org.springframework.web.servlet.DispatcherServlet - GET "/login", parameters={}
2020-02-29 18:47:14.730 [http-nio-8080-exec-1] DEBUG o.s.w.s.m.m.a.RequestMappingHandlerMapping - Mapped to com.swim.controller.PageController#toLogin(HttpServletRequest, HttpServletResponse)
2020-02-29 18:47:14.742 [http-nio-8080-exec-1] DEBUG org.springframework.web.servlet.DispatcherServlet - Completed 200 OK
2020-02-29 18:47:14.762 [http-nio-8080-exec-7] DEBUG org.springframework.web.servlet.DispatcherServlet - GET "/login/verifyCode", parameters={}
2020-02-29 18:47:14.762 [http-nio-8080-exec-7] DEBUG o.s.w.s.m.m.a.RequestMappingHandlerMapping - Mapped to com.swim.controller.PageController#getVerifyCode(HttpServletRequest, HttpServletResponse)
2020-02-29 18:47:14.777 [http-nio-8080-exec-7] DEBUG org.springframework.web.servlet.DispatcherServlet - Completed 200 OK
2020-02-29 18:47:58.329 [http-nio-8080-exec-10] DEBUG org.springframework.web.servlet.DispatcherServlet - GET "/login/verifyCode?timeStamp=Sat%20Feb%2029%202020%2018:47:58%20GMT+0800%20(%E4%B8%AD%E5%9B%BD%E6%A0%87%E5%87%86%E6%97%B6%E9%97%B4)", parameters={masked}
2020-02-29 18:47:58.329 [http-nio-8080-exec-10] DEBUG o.s.w.s.m.m.a.RequestMappingHandlerMapping - Mapped to com.swim.controller.PageController#getVerifyCode(HttpServletRequest, HttpServletResponse)
2020-02-29 18:47:58.339 [http-nio-8080-exec-10] DEBUG org.springframework.web.servlet.DispatcherServlet - Completed 200 OK
2020-02-29 18:48:03.992 [http-nio-8080-exec-8] DEBUG org.springframework.web.servlet.DispatcherServlet - POST "/login/codeIncorrect", parameters={masked}
2020-02-29 18:48:03.992 [http-nio-8080-exec-8] DEBUG o.s.w.s.m.m.a.RequestMappingHandlerMapping - Mapped to com.swim.controller.LoginController#codeIncorrect(HttpSession, String)
2020-02-29 18:48:03.993 [http-nio-8080-exec-8] DEBUG o.s.w.s.m.m.a.RequestResponseBodyMethodProcessor - Using 'application/json', given [*/*] and supported [application/json, application/*+json]
2020-02-29 18:48:03.993 [http-nio-8080-exec-8] DEBUG o.s.w.s.m.m.a.RequestResponseBodyMethodProcessor - Writing [1]
2020-02-29 18:48:03.994 [http-nio-8080-exec-8] DEBUG org.springframework.web.servlet.DispatcherServlet - Completed 200 OK
2020-02-29 18:48:04.009 [http-nio-8080-exec-5] DEBUG org.springframework.web.servlet.DispatcherServlet - POST "/login/user", parameters={masked}
2020-02-29 18:48:04.009 [http-nio-8080-exec-5] DEBUG o.s.w.s.m.m.a.RequestMappingHandlerMapping - Mapped to com.swim.controller.LoginController#login(User, String, HttpSession, Model)
2020-02-29 18:48:04.105 [http-nio-8080-exec-5] DEBUG com.swim.dao.ILoginMapper.getIdByUsername - ==>  Preparing: select id from user where username=? 
2020-02-29 18:48:04.146 [http-nio-8080-exec-5] DEBUG com.swim.dao.ILoginMapper.getIdByUsername - ==> Parameters: 1(String)
2020-02-29 18:48:04.185 [http-nio-8080-exec-5] DEBUG com.swim.dao.ILoginMapper.getIdByUsername - <==      Total: 1
2020-02-29 18:48:04.195 [http-nio-8080-exec-5] DEBUG com.swim.dao.ILoginMapper.selectUserById - ==>  Preparing: select * from user where id=? 
2020-02-29 18:48:04.196 [http-nio-8080-exec-5] DEBUG com.swim.dao.ILoginMapper.selectUserById - ==> Parameters: 1(Integer)
2020-02-29 18:48:04.201 [http-nio-8080-exec-5] DEBUG com.swim.dao.ILoginMapper.selectUserById - <==      Total: 1
2020-02-29 18:48:04.202 [http-nio-8080-exec-5] DEBUG com.swim.dao.ILoginMapper.selectUserInfoById - ==>  Preparing: select * from user_info where id=? 
2020-02-29 18:48:04.202 [http-nio-8080-exec-5] DEBUG com.swim.dao.ILoginMapper.selectUserInfoById - ==> Parameters: 1(Integer)
2020-02-29 18:48:04.208 [http-nio-8080-exec-5] DEBUG com.swim.dao.ILoginMapper.selectUserInfoById - <==      Total: 1
2020-02-29 18:48:04.213 [http-nio-8080-exec-5] DEBUG com.swim.dao.ILoginMapper.getIdByUsername - ==>  Preparing: select id from user where username=? 
2020-02-29 18:48:04.214 [http-nio-8080-exec-5] DEBUG com.swim.dao.ILoginMapper.getIdByUsername - ==> Parameters: 1(String)
2020-02-29 18:48:04.215 [http-nio-8080-exec-5] DEBUG com.swim.dao.ILoginMapper.getIdByUsername - <==      Total: 1
2020-02-29 18:48:04.215 [http-nio-8080-exec-5] DEBUG com.swim.dao.ILoginMapper.selectUserById - ==>  Preparing: select * from user where id=? 
2020-02-29 18:48:04.215 [http-nio-8080-exec-5] DEBUG com.swim.dao.ILoginMapper.selectUserById - ==> Parameters: 1(Integer)
2020-02-29 18:48:04.216 [http-nio-8080-exec-5] DEBUG com.swim.dao.ILoginMapper.selectUserById - <==      Total: 1
2020-02-29 18:48:04.217 [http-nio-8080-exec-5] DEBUG com.swim.dao.ILoginMapper.selectUserInfoById - ==>  Preparing: select * from user_info where id=? 
2020-02-29 18:48:04.217 [http-nio-8080-exec-5] DEBUG com.swim.dao.ILoginMapper.selectUserInfoById - ==> Parameters: 1(Integer)
2020-02-29 18:48:04.218 [http-nio-8080-exec-5] DEBUG com.swim.dao.ILoginMapper.selectUserInfoById - <==      Total: 1
2020-02-29 18:48:04.220 [http-nio-8080-exec-5] DEBUG com.swim.dao.ILoginMapper.selectUserMessageById - ==>  Preparing: select * from user_message where id=? 
2020-02-29 18:48:04.220 [http-nio-8080-exec-5] DEBUG com.swim.dao.ILoginMapper.selectUserMessageById - ==> Parameters: 1(Integer)
2020-02-29 18:48:04.225 [http-nio-8080-exec-5] DEBUG com.swim.dao.ILoginMapper.selectUserMessageById - <==      Total: 1
2020-02-29 18:48:04.231 [http-nio-8080-exec-5] DEBUG org.springframework.web.servlet.view.RedirectView - View name 'redirect:/index/index', model {user=User{id=null, username='1', password='1', userInfo=null, userMessage=null, account=null, member=null, swimHistory=null}, org.springframework.validation.BindingResult.user=org.springframework.validation.BeanPropertyBindingResult: 0 errors}
2020-02-29 18:48:04.232 [http-nio-8080-exec-5] DEBUG org.springframework.web.servlet.DispatcherServlet - Completed 302 FOUND
2020-02-29 18:48:04.243 [http-nio-8080-exec-1] DEBUG org.springframework.web.servlet.DispatcherServlet - GET "/index/index", parameters={}
2020-02-29 18:48:04.243 [http-nio-8080-exec-1] DEBUG o.s.w.s.m.m.a.RequestMappingHandlerMapping - Mapped to com.swim.controller.PageController#toIndex()
2020-02-29 18:48:04.299 [http-nio-8080-exec-10] DEBUG org.springframework.web.servlet.DispatcherServlet - GET "/framework/jquery-1.11.3.min.js", parameters={}
2020-02-29 18:48:04.301 [http-nio-8080-exec-10] DEBUG o.s.web.servlet.handler.SimpleUrlHandlerMapping - Mapped to ResourceHttpRequestHandler ["classpath:/static/"]
2020-02-29 18:48:04.308 [http-nio-8080-exec-6] DEBUG org.springframework.web.servlet.DispatcherServlet - GET "/js/base.js", parameters={}
2020-02-29 18:48:04.299 [http-nio-8080-exec-7] DEBUG org.springframework.web.servlet.DispatcherServlet - GET "/js/iconfont.js", parameters={}
2020-02-29 18:48:04.309 [http-nio-8080-exec-9] DEBUG org.springframework.web.servlet.DispatcherServlet - GET "/css/frameStyle.css", parameters={}
2020-02-29 18:48:04.310 [http-nio-8080-exec-6] DEBUG o.s.web.servlet.handler.SimpleUrlHandlerMapping - Mapped to ResourceHttpRequestHandler ["classpath:/static/"]
2020-02-29 18:48:04.310 [http-nio-8080-exec-7] DEBUG o.s.web.servlet.handler.SimpleUrlHandlerMapping - Mapped to ResourceHttpRequestHandler ["classpath:/static/"]
2020-02-29 18:48:04.312 [http-nio-8080-exec-9] DEBUG o.s.web.servlet.handler.SimpleUrlHandlerMapping - Mapped to ResourceHttpRequestHandler ["classpath:/static/"]
2020-02-29 18:48:04.313 [http-nio-8080-exec-6] DEBUG org.springframework.web.servlet.DispatcherServlet - Completed 200 OK
2020-02-29 18:48:04.313 [http-nio-8080-exec-2] DEBUG org.springframework.web.servlet.DispatcherServlet - GET "/framework/frame.js", parameters={}
2020-02-29 18:48:04.313 [http-nio-8080-exec-7] DEBUG org.springframework.web.servlet.DispatcherServlet - Completed 200 OK
2020-02-29 18:48:04.314 [http-nio-8080-exec-10] DEBUG org.springframework.web.servlet.DispatcherServlet - Completed 200 OK
2020-02-29 18:48:04.314 [http-nio-8080-exec-2] DEBUG o.s.web.servlet.handler.SimpleUrlHandlerMapping - Mapped to ResourceHttpRequestHandler ["classpath:/static/"]
2020-02-29 18:48:04.317 [http-nio-8080-exec-9] DEBUG org.springframework.web.servlet.DispatcherServlet - Completed 200 OK
2020-02-29 18:48:04.320 [http-nio-8080-exec-4] DEBUG org.springframework.web.servlet.DispatcherServlet - GET "/images/logo.png", parameters={}
2020-02-29 18:48:04.320 [http-nio-8080-exec-2] DEBUG org.springframework.web.servlet.DispatcherServlet - Completed 200 OK
2020-02-29 18:48:04.329 [http-nio-8080-exec-4] DEBUG o.s.web.servlet.handler.SimpleUrlHandlerMapping - Mapped to ResourceHttpRequestHandler ["classpath:/static/"]
2020-02-29 18:48:04.334 [http-nio-8080-exec-4] DEBUG org.springframework.web.servlet.DispatcherServlet - Completed 200 OK
2020-02-29 18:48:04.456 [http-nio-8080-exec-3] DEBUG org.springframework.web.servlet.DispatcherServlet - GET "/fonts/iconfont.woff2", parameters={}
2020-02-29 18:48:04.459 [http-nio-8080-exec-3] DEBUG o.s.web.servlet.handler.SimpleUrlHandlerMapping - Mapped to ResourceHttpRequestHandler ["classpath:/static/"]
2020-02-29 18:48:04.463 [http-nio-8080-exec-3] DEBUG org.springframework.web.servlet.DispatcherServlet - Completed 200 OK
2020-02-29 18:48:04.543 [http-nio-8080-exec-1] DEBUG org.springframework.web.servlet.DispatcherServlet - Completed 200 OK
2020-02-29 18:48:04.550 [http-nio-8080-exec-8] DEBUG org.springframework.web.servlet.DispatcherServlet - GET "/index-main.html", parameters={}
2020-02-29 18:48:04.550 [http-nio-8080-exec-8] DEBUG o.s.w.s.m.m.a.RequestMappingHandlerMapping - Mapped to com.swim.controller.IndexMainController#toIndexMain(Model, HttpServletRequest, HttpSession)
2020-02-29 18:48:04.552 [http-nio-8080-exec-8] DEBUG com.swim.dao.IDataMapper.getMySQL_version - ==>  Preparing: select version() 
2020-02-29 18:48:04.552 [http-nio-8080-exec-8] DEBUG com.swim.dao.IDataMapper.getMySQL_version - ==> Parameters: 
2020-02-29 18:48:04.555 [http-nio-8080-exec-8] DEBUG com.swim.dao.IDataMapper.getMySQL_version - <==      Total: 1
2020-02-29 18:48:04.583 [http-nio-8080-exec-8] DEBUG org.springframework.web.servlet.DispatcherServlet - Completed 200 OK
2020-02-29 18:48:04.611 [http-nio-8080-exec-5] DEBUG org.springframework.web.servlet.DispatcherServlet - GET "/css/font.css", parameters={}
2020-02-29 18:48:04.612 [http-nio-8080-exec-6] DEBUG org.springframework.web.servlet.DispatcherServlet - GET "/css/layui.css", parameters={}
2020-02-29 18:48:04.612 [http-nio-8080-exec-7] DEBUG org.springframework.web.servlet.DispatcherServlet - GET "/css/xadmin.css", parameters={}
2020-02-29 18:48:04.613 [http-nio-8080-exec-7] DEBUG o.s.web.servlet.handler.SimpleUrlHandlerMapping - Mapped to ResourceHttpRequestHandler ["classpath:/static/"]
2020-02-29 18:48:04.613 [http-nio-8080-exec-5] DEBUG o.s.web.servlet.handler.SimpleUrlHandlerMapping - Mapped to ResourceHttpRequestHandler ["classpath:/static/"]
2020-02-29 18:48:04.613 [http-nio-8080-exec-6] DEBUG o.s.web.servlet.handler.SimpleUrlHandlerMapping - Mapped to ResourceHttpRequestHandler ["classpath:/static/"]
2020-02-29 18:48:04.615 [http-nio-8080-exec-5] DEBUG org.springframework.web.servlet.DispatcherServlet - Completed 200 OK
2020-02-29 18:48:04.615 [http-nio-8080-exec-7] DEBUG org.springframework.web.servlet.DispatcherServlet - Completed 200 OK
2020-02-29 18:48:04.616 [http-nio-8080-exec-6] DEBUG org.springframework.web.servlet.DispatcherServlet - Completed 200 OK
2020-02-29 18:48:04.678 [http-nio-8080-exec-10] DEBUG org.springframework.web.servlet.DispatcherServlet - GET "/lib/layui/css/layui.css", parameters={}
2020-02-29 18:48:04.679 [http-nio-8080-exec-10] DEBUG o.s.web.servlet.handler.SimpleUrlHandlerMapping - Mapped to ResourceHttpRequestHandler ["classpath:/static/"]
2020-02-29 18:48:04.680 [http-nio-8080-exec-10] DEBUG o.s.w.servlet.resource.ResourceHttpRequestHandler - Resource not found
2020-02-29 18:48:04.680 [http-nio-8080-exec-10] DEBUG org.springframework.web.servlet.DispatcherServlet - Completed 404 NOT_FOUND
2020-02-29 18:48:04.681 [http-nio-8080-exec-10] DEBUG org.springframework.web.servlet.DispatcherServlet - "ERROR" dispatch for GET "/error", parameters={}
2020-02-29 18:48:04.681 [http-nio-8080-exec-10] DEBUG o.s.w.s.m.m.a.RequestMappingHandlerMapping - Mapped to org.springframework.boot.autoconfigure.web.servlet.error.BasicErrorController#error(HttpServletRequest)
2020-02-29 18:48:04.688 [http-nio-8080-exec-10] DEBUG o.s.w.s.m.m.annotation.HttpEntityMethodProcessor - Using 'application/json;q=0.1', given [text/css, */*;q=0.1] and supported [application/json, application/*+json]
2020-02-29 18:48:04.689 [http-nio-8080-exec-10] DEBUG o.s.w.s.m.m.annotation.HttpEntityMethodProcessor - Writing [{timestamp=Sat Feb 29 18:48:04 CST 2020, status=404, error=Not Found, message=No message available,  (truncated)...]
2020-02-29 18:48:04.700 [http-nio-8080-exec-10] DEBUG org.springframework.web.servlet.DispatcherServlet - Exiting from "ERROR" dispatch, status 404
2020-02-29 18:48:04.707 [http-nio-8080-exec-9] DEBUG org.springframework.web.servlet.DispatcherServlet - GET "/font/iconfont.woff?v=226_rc2", parameters={masked}
2020-02-29 18:48:04.708 [http-nio-8080-exec-9] DEBUG o.s.web.servlet.handler.SimpleUrlHandlerMapping - Mapped to ResourceHttpRequestHandler ["classpath:/static/"]
2020-02-29 18:48:04.709 [http-nio-8080-exec-9] DEBUG o.s.w.servlet.resource.ResourceHttpRequestHandler - Resource not found
2020-02-29 18:48:04.709 [http-nio-8080-exec-9] DEBUG org.springframework.web.servlet.DispatcherServlet - Completed 404 NOT_FOUND
2020-02-29 18:48:04.710 [http-nio-8080-exec-9] DEBUG org.springframework.web.servlet.DispatcherServlet - "ERROR" dispatch for GET "/error?v=226_rc2", parameters={masked}
2020-02-29 18:48:04.710 [http-nio-8080-exec-9] DEBUG o.s.w.s.m.m.a.RequestMappingHandlerMapping - Mapped to org.springframework.boot.autoconfigure.web.servlet.error.BasicErrorController#error(HttpServletRequest)
2020-02-29 18:48:04.711 [http-nio-8080-exec-9] DEBUG o.s.w.s.m.m.annotation.HttpEntityMethodProcessor - Using 'application/json', given [*/*] and supported [application/json, application/*+json]
2020-02-29 18:48:04.711 [http-nio-8080-exec-9] DEBUG o.s.w.s.m.m.annotation.HttpEntityMethodProcessor - Writing [{timestamp=Sat Feb 29 18:48:04 CST 2020, status=404, error=Not Found, message=No message available,  (truncated)...]
2020-02-29 18:48:04.712 [http-nio-8080-exec-9] DEBUG org.springframework.web.servlet.DispatcherServlet - Exiting from "ERROR" dispatch, status 404
2020-02-29 18:48:04.747 [http-nio-8080-exec-2] DEBUG org.springframework.web.servlet.DispatcherServlet - GET "/font/iconfont.ttf?v=226_rc2", parameters={masked}
2020-02-29 18:48:04.748 [http-nio-8080-exec-2] DEBUG o.s.web.servlet.handler.SimpleUrlHandlerMapping - Mapped to ResourceHttpRequestHandler ["classpath:/static/"]
2020-02-29 18:48:04.748 [http-nio-8080-exec-2] DEBUG o.s.w.servlet.resource.ResourceHttpRequestHandler - Resource not found
2020-02-29 18:48:04.748 [http-nio-8080-exec-2] DEBUG org.springframework.web.servlet.DispatcherServlet - Completed 404 NOT_FOUND
2020-02-29 18:48:04.749 [http-nio-8080-exec-2] DEBUG org.springframework.web.servlet.DispatcherServlet - "ERROR" dispatch for GET "/error?v=226_rc2", parameters={masked}
2020-02-29 18:48:04.749 [http-nio-8080-exec-2] DEBUG o.s.w.s.m.m.a.RequestMappingHandlerMapping - Mapped to org.springframework.boot.autoconfigure.web.servlet.error.BasicErrorController#error(HttpServletRequest)
2020-02-29 18:48:04.749 [http-nio-8080-exec-2] DEBUG o.s.w.s.m.m.annotation.HttpEntityMethodProcessor - Using 'application/json', given [*/*] and supported [application/json, application/*+json]
2020-02-29 18:48:04.750 [http-nio-8080-exec-2] DEBUG o.s.w.s.m.m.annotation.HttpEntityMethodProcessor - Writing [{timestamp=Sat Feb 29 18:48:04 CST 2020, status=404, error=Not Found, message=No message available,  (truncated)...]
2020-02-29 18:48:04.750 [http-nio-8080-exec-2] DEBUG org.springframework.web.servlet.DispatcherServlet - Exiting from "ERROR" dispatch, status 404
2020-02-29 18:48:07.456 [http-nio-8080-exec-4] DEBUG org.springframework.web.servlet.DispatcherServlet - GET "/user/select_account.html?timesSamp=1582973287450", parameters={masked}
2020-02-29 18:48:07.457 [http-nio-8080-exec-4] DEBUG o.s.w.s.m.m.a.RequestMappingHandlerMapping - Mapped to com.swim.controller.PageController#toSelectAccount()
2020-02-29 18:48:07.467 [http-nio-8080-exec-4] DEBUG org.springframework.web.servlet.DispatcherServlet - Completed 200 OK
2020-02-29 18:48:07.477 [http-nio-8080-exec-1] DEBUG org.springframework.web.servlet.DispatcherServlet - GET "/js/tooltip.min.js", parameters={}
2020-02-29 18:48:07.477 [http-nio-8080-exec-3] DEBUG org.springframework.web.servlet.DispatcherServlet - GET "/css/tooltip.css", parameters={}
2020-02-29 18:48:07.477 [http-nio-8080-exec-8] DEBUG org.springframework.web.servlet.DispatcherServlet - GET "/fonts/myCloud.css", parameters={}
2020-02-29 18:48:07.478 [http-nio-8080-exec-1] DEBUG o.s.web.servlet.handler.SimpleUrlHandlerMapping - Mapped to ResourceHttpRequestHandler ["classpath:/static/"]
2020-02-29 18:48:07.478 [http-nio-8080-exec-8] DEBUG o.s.web.servlet.handler.SimpleUrlHandlerMapping - Mapped to ResourceHttpRequestHandler ["classpath:/static/"]
2020-02-29 18:48:07.478 [http-nio-8080-exec-3] DEBUG o.s.web.servlet.handler.SimpleUrlHandlerMapping - Mapped to ResourceHttpRequestHandler ["classpath:/static/"]
2020-02-29 18:48:07.480 [http-nio-8080-exec-1] DEBUG org.springframework.web.servlet.DispatcherServlet - Completed 200 OK
2020-02-29 18:48:07.480 [http-nio-8080-exec-3] DEBUG org.springframework.web.servlet.DispatcherServlet - Completed 200 OK
2020-02-29 18:48:07.481 [http-nio-8080-exec-8] DEBUG org.springframework.web.servlet.DispatcherServlet - Completed 200 OK
2020-02-29 18:48:07.581 [http-nio-8080-exec-5] DEBUG org.springframework.web.servlet.DispatcherServlet - POST "/user/selectAccount", parameters={}
2020-02-29 18:48:07.581 [http-nio-8080-exec-5] DEBUG o.s.w.s.m.m.a.RequestMappingHandlerMapping - Mapped to com.swim.controller.UserInfoController#selectAccount(HttpSession)
2020-02-29 18:48:07.601 [http-nio-8080-exec-5] DEBUG com.swim.dao.IUserInfoMapper.selectAccount - ==>  Preparing: select * from account where id=? 
2020-02-29 18:48:07.601 [http-nio-8080-exec-5] DEBUG com.swim.dao.IUserInfoMapper.selectAccount - ==> Parameters: 1(Integer)
2020-02-29 18:48:07.605 [http-nio-8080-exec-5] DEBUG com.swim.dao.IUserInfoMapper.selectAccount - <==      Total: 1
2020-02-29 18:48:07.606 [http-nio-8080-exec-5] DEBUG com.swim.dao.IUserInfoMapper.selectMember - ==>  Preparing: select * from member where id=? 
2020-02-29 18:48:07.606 [http-nio-8080-exec-5] DEBUG com.swim.dao.IUserInfoMapper.selectMember - ==> Parameters: 1(Integer)
2020-02-29 18:48:07.609 [http-nio-8080-exec-5] DEBUG com.swim.dao.IUserInfoMapper.selectMember - <==      Total: 1
2020-02-29 18:48:07.622 [http-nio-8080-exec-5] DEBUG o.s.w.s.m.m.a.RequestResponseBodyMethodProcessor - Using 'application/json', given [*/*] and supported [application/json, application/*+json]
2020-02-29 18:48:07.622 [http-nio-8080-exec-5] DEBUG o.s.w.s.m.m.a.RequestResponseBodyMethodProcessor - Writing [User{id=null, username='null', password='null', userInfo=null, userMessage=null, account=Account{id= (truncated)...]
2020-02-29 18:48:07.626 [http-nio-8080-exec-5] DEBUG org.springframework.web.servlet.DispatcherServlet - Completed 200 OK
2020-02-29 18:48:10.201 [http-nio-8080-exec-7] DEBUG org.springframework.web.servlet.DispatcherServlet - GET "/user-management/user-add.html?timesSamp=1582973290196", parameters={masked}
2020-02-29 18:48:10.201 [http-nio-8080-exec-7] DEBUG o.s.w.s.m.m.a.RequestMappingHandlerMapping - Mapped to com.swim.controller.PageController#toAddUser()
2020-02-29 18:48:10.211 [http-nio-8080-exec-7] DEBUG org.springframework.web.servlet.DispatcherServlet - Completed 200 OK
2020-02-29 18:48:10.873 [http-nio-8080-exec-6] DEBUG org.springframework.web.servlet.DispatcherServlet - GET "/user-management/user-list;?timesSamp=1582973290866", parameters={masked}
2020-02-29 18:48:10.873 [http-nio-8080-exec-6] DEBUG o.s.w.s.m.m.a.RequestMappingHandlerMapping - Mapped to com.swim.controller.PageController#toUserList()
2020-02-29 18:48:10.886 [http-nio-8080-exec-6] DEBUG org.springframework.web.servlet.DispatcherServlet - Completed 200 OK
2020-02-29 18:48:10.942 [http-nio-8080-exec-10] DEBUG org.springframework.web.servlet.DispatcherServlet - GET "/layui/lay/modules/table.js", parameters={}
2020-02-29 18:48:10.943 [http-nio-8080-exec-10] DEBUG o.s.web.servlet.handler.SimpleUrlHandlerMapping - Mapped to ResourceHttpRequestHandler ["classpath:/static/"]
2020-02-29 18:48:10.944 [http-nio-8080-exec-10] DEBUG org.springframework.web.servlet.DispatcherServlet - Completed 200 OK
2020-02-29 18:48:10.961 [http-nio-8080-exec-9] DEBUG org.springframework.web.servlet.DispatcherServlet - GET "/layui/lay/modules/laytpl.js", parameters={}
2020-02-29 18:48:10.962 [http-nio-8080-exec-9] DEBUG o.s.web.servlet.handler.SimpleUrlHandlerMapping - Mapped to ResourceHttpRequestHandler ["classpath:/static/"]
2020-02-29 18:48:10.963 [http-nio-8080-exec-9] DEBUG org.springframework.web.servlet.DispatcherServlet - Completed 200 OK
2020-02-29 18:48:10.972 [http-nio-8080-exec-2] DEBUG org.springframework.web.servlet.DispatcherServlet - GET "/layui/lay/modules/laypage.js", parameters={}
2020-02-29 18:48:10.973 [http-nio-8080-exec-2] DEBUG o.s.web.servlet.handler.SimpleUrlHandlerMapping - Mapped to ResourceHttpRequestHandler ["classpath:/static/"]
2020-02-29 18:48:10.975 [http-nio-8080-exec-2] DEBUG org.springframework.web.servlet.DispatcherServlet - Completed 200 OK
2020-02-29 18:48:11.003 [http-nio-8080-exec-4] DEBUG org.springframework.web.servlet.DispatcherServlet - GET "/user-management/userList?page=1&limit=10", parameters={masked}
2020-02-29 18:48:11.003 [http-nio-8080-exec-4] DEBUG o.s.w.s.m.m.a.RequestMappingHandlerMapping - Mapped to com.swim.controller.UserManagementController#selectUserList(Integer, Integer)
2020-02-29 18:48:11.014 [http-nio-8080-exec-4] DEBUG com.swim.dao.IUserListMapper.selectUserCount - ==>  Preparing: select count(id) from user 
2020-02-29 18:48:11.014 [http-nio-8080-exec-4] DEBUG com.swim.dao.IUserListMapper.selectUserCount - ==> Parameters: 
2020-02-29 18:48:11.016 [http-nio-8080-exec-4] DEBUG com.swim.dao.IUserListMapper.selectUserCount - <==      Total: 1
2020-02-29 18:48:11.048 [http-nio-8080-exec-4] DEBUG com.swim.dao.IUserListMapper.selectUser - ==>  Preparing: select * from user a left join user_info b on a.id=b.id left join user_message c on a.id=c.id left join account d on a.id=d.id left join member e on a.id=e.id order by a.id asc limit 0,10 
2020-02-29 18:48:11.048 [http-nio-8080-exec-4] DEBUG com.swim.dao.IUserListMapper.selectUser - ==> Parameters: 
2020-02-29 18:48:11.061 [http-nio-8080-exec-4] DEBUG com.swim.dao.IUserListMapper.selectUser - <==      Total: 10
2020-02-29 18:48:11.062 [http-nio-8080-exec-4] DEBUG o.s.w.s.m.m.a.RequestResponseBodyMethodProcessor - Using 'application/json', given [application/json, text/javascript, */*;q=0.01] and supported [application/json, application/*+json]
2020-02-29 18:48:11.062 [http-nio-8080-exec-4] DEBUG o.s.w.s.m.m.a.RequestResponseBodyMethodProcessor - Writing [{msg=, data=[User{id=1, username='1', password='1', userInfo=UserInfo{id=1, status=true, authority=2 (truncated)...]
2020-02-29 18:48:11.067 [http-nio-8080-exec-4] DEBUG org.springframework.web.servlet.DispatcherServlet - Completed 200 OK
2020-02-29 18:48:17.657 [http-nio-8080-exec-1] DEBUG org.springframework.web.servlet.DispatcherServlet - GET "/user-management/user-recharge.html;?timesSamp=1582973297650", parameters={masked}
2020-02-29 18:48:17.657 [http-nio-8080-exec-1] DEBUG o.s.w.s.m.m.a.RequestMappingHandlerMapping - Mapped to com.swim.controller.PageController#toUserRecharge()
2020-02-29 18:48:17.666 [http-nio-8080-exec-1] DEBUG org.springframework.web.servlet.DispatcherServlet - Completed 200 OK
2020-02-29 18:48:17.760 [http-nio-8080-exec-3] DEBUG org.springframework.web.servlet.DispatcherServlet - GET "/user-management/userList?page=1&limit=10", parameters={masked}
2020-02-29 18:48:17.760 [http-nio-8080-exec-3] DEBUG o.s.w.s.m.m.a.RequestMappingHandlerMapping - Mapped to com.swim.controller.UserManagementController#selectUserList(Integer, Integer)
2020-02-29 18:48:17.761 [http-nio-8080-exec-3] DEBUG com.swim.dao.IUserListMapper.selectUserCount - ==>  Preparing: select count(id) from user 
2020-02-29 18:48:17.761 [http-nio-8080-exec-3] DEBUG com.swim.dao.IUserListMapper.selectUserCount - ==> Parameters: 
2020-02-29 18:48:17.762 [http-nio-8080-exec-3] DEBUG com.swim.dao.IUserListMapper.selectUserCount - <==      Total: 1
2020-02-29 18:48:17.763 [http-nio-8080-exec-3] DEBUG com.swim.dao.IUserListMapper.selectUser - ==>  Preparing: select * from user a left join user_info b on a.id=b.id left join user_message c on a.id=c.id left join account d on a.id=d.id left join member e on a.id=e.id order by a.id asc limit 0,10 
2020-02-29 18:48:17.763 [http-nio-8080-exec-3] DEBUG com.swim.dao.IUserListMapper.selectUser - ==> Parameters: 
2020-02-29 18:48:17.781 [http-nio-8080-exec-3] DEBUG com.swim.dao.IUserListMapper.selectUser - <==      Total: 10
2020-02-29 18:48:17.782 [http-nio-8080-exec-3] DEBUG o.s.w.s.m.m.a.RequestResponseBodyMethodProcessor - Using 'application/json', given [application/json, text/javascript, */*;q=0.01] and supported [application/json, application/*+json]
2020-02-29 18:48:17.783 [http-nio-8080-exec-3] DEBUG o.s.w.s.m.m.a.RequestResponseBodyMethodProcessor - Writing [{msg=, data=[User{id=1, username='1', password='1', userInfo=UserInfo{id=1, status=true, authority=2 (truncated)...]
2020-02-29 18:48:17.787 [http-nio-8080-exec-3] DEBUG org.springframework.web.servlet.DispatcherServlet - Completed 200 OK
2020-02-29 18:48:19.518 [http-nio-8080-exec-8] DEBUG org.springframework.web.servlet.DispatcherServlet - GET "/swim-management/vistor.html?timesSamp=1582973299514", parameters={masked}
2020-02-29 18:48:19.519 [http-nio-8080-exec-8] DEBUG o.s.w.s.m.m.a.RequestMappingHandlerMapping - Mapped to com.swim.controller.PageController#toVistor()
2020-02-29 18:48:19.529 [http-nio-8080-exec-8] DEBUG org.springframework.web.servlet.DispatcherServlet - Completed 200 OK
2020-02-29 18:48:19.611 [http-nio-8080-exec-5] DEBUG org.springframework.web.servlet.DispatcherServlet - GET "/swim-management/vistorList?page=1&limit=10", parameters={masked}
2020-02-29 18:48:19.612 [http-nio-8080-exec-5] DEBUG o.s.w.s.m.m.a.RequestMappingHandlerMapping - Mapped to com.swim.controller.SwimController#selectSwimmingVistor(Integer, Integer)
2020-02-29 18:48:19.624 [http-nio-8080-exec-5] DEBUG com.swim.dao.ISwimMapper.selectCountSwimmingVistor - ==>  Preparing: select count(vistor_id) from vistor where swim_end is null 
2020-02-29 18:48:19.624 [http-nio-8080-exec-5] DEBUG com.swim.dao.ISwimMapper.selectCountSwimmingVistor - ==> Parameters: 
2020-02-29 18:48:19.633 [http-nio-8080-exec-5] DEBUG com.swim.dao.ISwimMapper.selectCountSwimmingVistor - <==      Total: 1
2020-02-29 18:48:19.633 [http-nio-8080-exec-5] DEBUG com.swim.dao.ISwimMapper.selectSwimmingVistor - ==>  Preparing: select * from vistor where swim_end is null 
2020-02-29 18:48:19.634 [http-nio-8080-exec-5] DEBUG com.swim.dao.ISwimMapper.selectSwimmingVistor - ==> Parameters: 
2020-02-29 18:48:19.635 [http-nio-8080-exec-5] DEBUG com.swim.dao.ISwimMapper.selectSwimmingVistor - <==      Total: 0
2020-02-29 18:48:19.637 [http-nio-8080-exec-5] DEBUG o.s.w.s.m.m.a.RequestResponseBodyMethodProcessor - Using 'application/json', given [application/json, text/javascript, */*;q=0.01] and supported [application/json, application/*+json]
2020-02-29 18:48:19.637 [http-nio-8080-exec-5] DEBUG o.s.w.s.m.m.a.RequestResponseBodyMethodProcessor - Writing [{msg=, data=[], count=0, status=200}]
2020-02-29 18:48:19.639 [http-nio-8080-exec-5] DEBUG org.springframework.web.servlet.DispatcherServlet - Completed 200 OK
2020-02-29 18:48:20.180 [http-nio-8080-exec-7] DEBUG org.springframework.web.servlet.DispatcherServlet - GET "/swim-management/swim-start.html?timesSamp=1582973300175", parameters={masked}
2020-02-29 18:48:20.181 [http-nio-8080-exec-7] DEBUG o.s.w.s.m.m.a.RequestMappingHandlerMapping - Mapped to com.swim.controller.PageController#toSwimStart()
2020-02-29 18:48:20.189 [http-nio-8080-exec-7] DEBUG org.springframework.web.servlet.DispatcherServlet - Completed 200 OK
2020-02-29 18:48:20.269 [http-nio-8080-exec-6] DEBUG org.springframework.web.servlet.DispatcherServlet - GET "/swim-management/userListNoSwim?page=1&limit=10", parameters={masked}
2020-02-29 18:48:20.270 [http-nio-8080-exec-6] DEBUG o.s.w.s.m.m.a.RequestMappingHandlerMapping - Mapped to com.swim.controller.SwimController#selectUserListNoSwim(Integer, Integer)
2020-02-29 18:48:20.271 [http-nio-8080-exec-6] DEBUG com.swim.dao.ISwimMapper.selectCountNoSwimUser - ==>  Preparing: select count(id) from user_info where swim_status=0 
2020-02-29 18:48:20.271 [http-nio-8080-exec-6] DEBUG com.swim.dao.ISwimMapper.selectCountNoSwimUser - ==> Parameters: 
2020-02-29 18:48:20.272 [http-nio-8080-exec-6] DEBUG com.swim.dao.ISwimMapper.selectCountNoSwimUser - <==      Total: 1
2020-02-29 18:48:20.273 [http-nio-8080-exec-6] DEBUG com.swim.dao.ISwimMapper.selectNoSwimUser - ==>  Preparing: select * from user a left join user_info b on a.id=b.id left join user_message c on a.id=c.id left join account d on a.id=d.id left join member e on a.id=e.id where b.swim_status=0 order by a.id asc limit 0,10 
2020-02-29 18:48:20.273 [http-nio-8080-exec-6] DEBUG com.swim.dao.ISwimMapper.selectNoSwimUser - ==> Parameters: 
2020-02-29 18:48:20.280 [http-nio-8080-exec-6] DEBUG com.swim.dao.ISwimMapper.selectNoSwimUser - <==      Total: 10
2020-02-29 18:48:20.281 [http-nio-8080-exec-6] DEBUG o.s.w.s.m.m.a.RequestResponseBodyMethodProcessor - Using 'application/json', given [application/json, text/javascript, */*;q=0.01] and supported [application/json, application/*+json]
2020-02-29 18:48:20.282 [http-nio-8080-exec-6] DEBUG o.s.w.s.m.m.a.RequestResponseBodyMethodProcessor - Writing [{msg=, data=[User{id=1, username='1', password='1', userInfo=UserInfo{id=1, status=true, authority=2 (truncated)...]
2020-02-29 18:48:20.284 [http-nio-8080-exec-6] DEBUG org.springframework.web.servlet.DispatcherServlet - Completed 200 OK
2020-02-29 18:48:20.992 [http-nio-8080-exec-10] DEBUG org.springframework.web.servlet.DispatcherServlet - GET "/swim-management/swim-end.html?timesSamp=1582973300985", parameters={masked}
2020-02-29 18:48:20.992 [http-nio-8080-exec-10] DEBUG o.s.w.s.m.m.a.RequestMappingHandlerMapping - Mapped to com.swim.controller.PageController#toSwimEnd()
2020-02-29 18:48:21.000 [http-nio-8080-exec-10] DEBUG org.springframework.web.servlet.DispatcherServlet - Completed 200 OK
2020-02-29 18:48:21.096 [http-nio-8080-exec-9] DEBUG org.springframework.web.servlet.DispatcherServlet - GET "/swim-management/userListSwimming?page=1&limit=10", parameters={masked}
2020-02-29 18:48:21.096 [http-nio-8080-exec-9] DEBUG o.s.w.s.m.m.a.RequestMappingHandlerMapping - Mapped to com.swim.controller.SwimController#selectUserListSwimming(Integer, Integer)
2020-02-29 18:48:21.098 [http-nio-8080-exec-9] DEBUG com.swim.dao.ISwimMapper.selectCountSwimmingUser - ==>  Preparing: select count(id) from user_info where swim_status=1 
2020-02-29 18:48:21.098 [http-nio-8080-exec-9] DEBUG com.swim.dao.ISwimMapper.selectCountSwimmingUser - ==> Parameters: 
2020-02-29 18:48:21.099 [http-nio-8080-exec-9] DEBUG com.swim.dao.ISwimMapper.selectCountSwimmingUser - <==      Total: 1
2020-02-29 18:48:21.100 [http-nio-8080-exec-9] DEBUG com.swim.dao.ISwimMapper.selectSwimmingUser - ==>  Preparing: select * from user a left join user_info b on a.id=b.id left join user_message c on a.id=c.id left join account d on a.id=d.id left join member e on a.id=e.id left join swim_history f on a.id=f.id and f.swim_end is null where b.swim_status=1 order by f.swim_start asc limit 0,10 
2020-02-29 18:48:21.100 [http-nio-8080-exec-9] DEBUG com.swim.dao.ISwimMapper.selectSwimmingUser - ==> Parameters: 
2020-02-29 18:48:21.109 [http-nio-8080-exec-9] DEBUG com.swim.dao.ISwimMapper.selectSwimmingUser - <==      Total: 1
2020-02-29 18:48:21.111 [http-nio-8080-exec-9] DEBUG o.s.w.s.m.m.a.RequestResponseBodyMethodProcessor - Using 'application/json', given [application/json, text/javascript, */*;q=0.01] and supported [application/json, application/*+json]
2020-02-29 18:48:21.111 [http-nio-8080-exec-9] DEBUG o.s.w.s.m.m.a.RequestResponseBodyMethodProcessor - Writing [{msg=, data=[User{id=12, username='10', password='10', userInfo=UserInfo{id=12, status=true, authori (truncated)...]
2020-02-29 18:48:21.112 [http-nio-8080-exec-9] DEBUG org.springframework.web.servlet.DispatcherServlet - Completed 200 OK
2020-02-29 18:48:22.432 [http-nio-8080-exec-2] DEBUG org.springframework.web.servlet.DispatcherServlet - GET "/goods-management/goods-list.html?timesSamp=1582973302424", parameters={masked}
2020-02-29 18:48:22.433 [http-nio-8080-exec-2] DEBUG o.s.w.s.m.m.a.RequestMappingHandlerMapping - Mapped to com.swim.controller.PageController#toGoodsList()
2020-02-29 18:48:22.440 [http-nio-8080-exec-2] DEBUG org.springframework.web.servlet.DispatcherServlet - Completed 200 OK
2020-02-29 18:48:22.517 [http-nio-8080-exec-4] DEBUG org.springframework.web.servlet.DispatcherServlet - GET "/goods-management/goodsList?page=1&limit=10", parameters={masked}
2020-02-29 18:48:22.517 [http-nio-8080-exec-4] DEBUG o.s.w.s.m.m.a.RequestMappingHandlerMapping - Mapped to com.swim.controller.GoodsController#getGoodsList(Integer, Integer)
2020-02-29 18:48:22.525 [http-nio-8080-exec-4] DEBUG com.swim.dao.IGoodsMapper.getGoodsCount - ==>  Preparing: select count(goods_id) from goods 
2020-02-29 18:48:22.525 [http-nio-8080-exec-4] DEBUG com.swim.dao.IGoodsMapper.getGoodsCount - ==> Parameters: 
2020-02-29 18:48:22.534 [http-nio-8080-exec-4] DEBUG com.swim.dao.IGoodsMapper.getGoodsCount - <==      Total: 1
2020-02-29 18:48:22.535 [http-nio-8080-exec-4] DEBUG com.swim.dao.IGoodsMapper.getGoodsList - ==>  Preparing: select * from goods LIMIT 0,? 
2020-02-29 18:48:22.536 [http-nio-8080-exec-4] DEBUG com.swim.dao.IGoodsMapper.getGoodsList - ==> Parameters: 10(Integer)
2020-02-29 18:48:22.539 [http-nio-8080-exec-4] DEBUG com.swim.dao.IGoodsMapper.getGoodsList - <==      Total: 8
2020-02-29 18:48:22.540 [http-nio-8080-exec-4] DEBUG o.s.w.s.m.m.a.RequestResponseBodyMethodProcessor - Using 'application/json', given [application/json, text/javascript, */*;q=0.01] and supported [application/json, application/*+json]
2020-02-29 18:48:22.540 [http-nio-8080-exec-4] DEBUG o.s.w.s.m.m.a.RequestResponseBodyMethodProcessor - Writing [{msg=, data=[Goods{goodsId=1, goodsName='游泳计时费用', goodsMessage='单位：元/小时', goodsPrice=7.0, goodsType= (truncated)...]
2020-02-29 18:48:22.542 [http-nio-8080-exec-4] DEBUG org.springframework.web.servlet.DispatcherServlet - Completed 200 OK
2020-02-29 18:48:23.167 [http-nio-8080-exec-1] DEBUG org.springframework.web.servlet.DispatcherServlet - GET "/goods-management/goods-add.html?timesSamp=1582973303160", parameters={masked}
2020-02-29 18:48:23.168 [http-nio-8080-exec-1] DEBUG o.s.w.s.m.m.a.RequestMappingHandlerMapping - Mapped to com.swim.controller.PageController#toGoodsAdd()
2020-02-29 18:48:23.176 [http-nio-8080-exec-1] DEBUG org.springframework.web.servlet.DispatcherServlet - Completed 200 OK
2020-02-29 18:48:25.204 [http-nio-8080-exec-3] DEBUG org.springframework.web.servlet.DispatcherServlet - GET "/points-management/points-goods-list.html?timesSamp=1582973305199", parameters={masked}
2020-02-29 18:48:25.204 [http-nio-8080-exec-3] DEBUG o.s.w.s.m.m.a.RequestMappingHandlerMapping - Mapped to com.swim.controller.PageController#toPointsGoods()
2020-02-29 18:48:25.211 [http-nio-8080-exec-3] DEBUG org.springframework.web.servlet.DispatcherServlet - Completed 200 OK
2020-02-29 18:48:25.297 [http-nio-8080-exec-8] DEBUG org.springframework.web.servlet.DispatcherServlet - GET "/points-management/selectPointsGoods?page=1&limit=10", parameters={masked}
2020-02-29 18:48:25.298 [http-nio-8080-exec-8] DEBUG o.s.w.s.m.m.a.RequestMappingHandlerMapping - Mapped to com.swim.controller.PointsController#selectPointsGoods(Integer, Integer)
2020-02-29 18:48:25.305 [http-nio-8080-exec-8] DEBUG com.swim.dao.IPointsMapper.getGoodsCount - ==>  Preparing: select count(points_goods_id) from points_goods 
2020-02-29 18:48:25.305 [http-nio-8080-exec-8] DEBUG com.swim.dao.IPointsMapper.getGoodsCount - ==> Parameters: 
2020-02-29 18:48:25.312 [http-nio-8080-exec-8] DEBUG com.swim.dao.IPointsMapper.getGoodsCount - <==      Total: 1
2020-02-29 18:48:25.313 [http-nio-8080-exec-8] DEBUG com.swim.dao.IPointsMapper.getPointsGoodsList - ==>  Preparing: select * from points_goods limit 0,10 
2020-02-29 18:48:25.313 [http-nio-8080-exec-8] DEBUG com.swim.dao.IPointsMapper.getPointsGoodsList - ==> Parameters: 
2020-02-29 18:48:25.314 [http-nio-8080-exec-8] DEBUG com.swim.dao.IPointsMapper.getPointsGoodsList - <==      Total: 10
2020-02-29 18:48:25.315 [http-nio-8080-exec-8] DEBUG o.s.w.s.m.m.a.RequestResponseBodyMethodProcessor - Using 'application/json', given [application/json, text/javascript, */*;q=0.01] and supported [application/json, application/*+json]
2020-02-29 18:48:25.315 [http-nio-8080-exec-8] DEBUG o.s.w.s.m.m.a.RequestResponseBodyMethodProcessor - Writing [{msg=, data=[PointsGoods{pointsGoodsId=1, pointsGoodsName='一个月会员', pointsGoodsType=1, pointsGoodsVal (truncated)...]
2020-02-29 18:48:25.316 [http-nio-8080-exec-8] DEBUG org.springframework.web.servlet.DispatcherServlet - Completed 200 OK
2020-02-29 18:48:28.254 [http-nio-8080-exec-5] DEBUG org.springframework.web.servlet.DispatcherServlet - GET "/points-management/points-goods-add.html?timesSamp=1582973308249", parameters={masked}
2020-02-29 18:48:28.254 [http-nio-8080-exec-5] DEBUG o.s.w.s.m.m.a.RequestMappingHandlerMapping - Mapped to com.swim.controller.PageController#toPointsGoodsAdd()
2020-02-29 18:48:28.261 [http-nio-8080-exec-5] DEBUG org.springframework.web.servlet.DispatcherServlet - Completed 200 OK
2020-02-29 18:48:30.994 [http-nio-8080-exec-7] DEBUG org.springframework.web.servlet.DispatcherServlet - GET "/history-search/swim-history.html?timesSamp=1582973310989", parameters={masked}
2020-02-29 18:48:30.994 [http-nio-8080-exec-7] DEBUG o.s.w.s.m.m.a.RequestMappingHandlerMapping - Mapped to com.swim.controller.HistorySearchController#toSwimHistory()
2020-02-29 18:48:31.002 [http-nio-8080-exec-7] DEBUG org.springframework.web.servlet.DispatcherServlet - Completed 200 OK
2020-02-29 18:48:31.072 [http-nio-8080-exec-6] DEBUG org.springframework.web.servlet.DispatcherServlet - GET "/layui/lay/modules/laydate.js", parameters={}
2020-02-29 18:48:31.072 [http-nio-8080-exec-6] DEBUG o.s.web.servlet.handler.SimpleUrlHandlerMapping - Mapped to ResourceHttpRequestHandler ["classpath:/static/"]
2020-02-29 18:48:31.077 [http-nio-8080-exec-6] DEBUG org.springframework.web.servlet.DispatcherServlet - Completed 200 OK
2020-02-29 18:48:31.086 [http-nio-8080-exec-10] DEBUG org.springframework.web.servlet.DispatcherServlet - GET "/history-search/getSwimHistory?page=1&limit=10", parameters={masked}
2020-02-29 18:48:31.086 [http-nio-8080-exec-10] DEBUG o.s.w.s.m.m.a.RequestMappingHandlerMapping - Mapped to com.swim.controller.HistorySearchController#getSwimHistory(Integer, Integer)
2020-02-29 18:48:31.087 [http-nio-8080-exec-10] DEBUG com.swim.dao.IGoodsMapper.getAllSwimHistoryCount - ==>  Preparing: select count(swim_id) from swim_history 
2020-02-29 18:48:31.087 [http-nio-8080-exec-10] DEBUG com.swim.dao.IGoodsMapper.getAllSwimHistoryCount - ==> Parameters: 
2020-02-29 18:48:31.088 [http-nio-8080-exec-10] DEBUG com.swim.dao.IGoodsMapper.getAllSwimHistoryCount - <==      Total: 1
2020-02-29 18:48:31.088 [http-nio-8080-exec-10] DEBUG com.swim.dao.IGoodsMapper.getAllSwimHistory - ==>  Preparing: select * from swim_history LIMIT 0,10 
2020-02-29 18:48:31.088 [http-nio-8080-exec-10] DEBUG com.swim.dao.IGoodsMapper.getAllSwimHistory - ==> Parameters: 
2020-02-29 18:48:31.091 [http-nio-8080-exec-10] DEBUG com.swim.dao.IGoodsMapper.getAllSwimHistory - <==      Total: 10
2020-02-29 18:48:31.092 [http-nio-8080-exec-10] DEBUG o.s.w.s.m.m.a.RequestResponseBodyMethodProcessor - Using 'application/json', given [application/json, text/javascript, */*;q=0.01] and supported [application/json, application/*+json]
2020-02-29 18:48:31.092 [http-nio-8080-exec-10] DEBUG o.s.w.s.m.m.a.RequestResponseBodyMethodProcessor - Writing [{msg=, data=[SwimHistory{swimId=39, id=8, swimStart=2020-01-27 17:45:30.0, swimEnd=2020-01-27 17:45: (truncated)...]
2020-02-29 18:48:31.094 [http-nio-8080-exec-10] DEBUG org.springframework.web.servlet.DispatcherServlet - Completed 200 OK
2020-02-29 18:48:31.094 [http-nio-8080-exec-9] DEBUG org.springframework.web.servlet.DispatcherServlet - GET "/layui/css/modules/laydate/default/laydate.css?v=5.0.9", parameters={masked}
2020-02-29 18:48:31.095 [http-nio-8080-exec-9] DEBUG o.s.web.servlet.handler.SimpleUrlHandlerMapping - Mapped to ResourceHttpRequestHandler ["classpath:/static/"]
2020-02-29 18:48:31.097 [http-nio-8080-exec-9] DEBUG org.springframework.web.servlet.DispatcherServlet - Completed 200 OK
2020-02-29 18:48:31.880 [http-nio-8080-exec-2] DEBUG org.springframework.web.servlet.DispatcherServlet - GET "/history-search/income-history.html?timesSamp=1582973311874", parameters={masked}
2020-02-29 18:48:31.880 [http-nio-8080-exec-2] DEBUG o.s.w.s.m.m.a.RequestMappingHandlerMapping - Mapped to com.swim.controller.HistorySearchController#toIncomeHistory()
2020-02-29 18:48:31.888 [http-nio-8080-exec-2] DEBUG org.springframework.web.servlet.DispatcherServlet - Completed 200 OK
2020-02-29 18:48:31.970 [http-nio-8080-exec-4] DEBUG org.springframework.web.servlet.DispatcherServlet - GET "/history-search/getIncomeHistory?page=1&limit=10", parameters={masked}
2020-02-29 18:48:31.970 [http-nio-8080-exec-4] DEBUG o.s.w.s.m.m.a.RequestMappingHandlerMapping - Mapped to com.swim.controller.HistorySearchController#getIncomeHistory(Integer, Integer)
2020-02-29 18:48:31.972 [http-nio-8080-exec-4] DEBUG c.swim.dao.IIncomeMapper.getAllCountIncomeHistory - ==>  Preparing: select count(income_id) from income_history 
2020-02-29 18:48:31.972 [http-nio-8080-exec-4] DEBUG c.swim.dao.IIncomeMapper.getAllCountIncomeHistory - ==> Parameters: 
2020-02-29 18:48:31.979 [http-nio-8080-exec-4] DEBUG c.swim.dao.IIncomeMapper.getAllCountIncomeHistory - <==      Total: 1
2020-02-29 18:48:31.980 [http-nio-8080-exec-4] DEBUG com.swim.dao.IIncomeMapper.getAllIncomeHistory - ==>  Preparing: select * from income_history LIMIT 0,10 
2020-02-29 18:48:31.980 [http-nio-8080-exec-4] DEBUG com.swim.dao.IIncomeMapper.getAllIncomeHistory - ==> Parameters: 
2020-02-29 18:48:31.982 [http-nio-8080-exec-4] DEBUG com.swim.dao.IIncomeMapper.getAllIncomeHistory - <==      Total: 8
2020-02-29 18:48:31.982 [http-nio-8080-exec-4] DEBUG o.s.w.s.m.m.a.RequestResponseBodyMethodProcessor - Using 'application/json', given [application/json, text/javascript, */*;q=0.01] and supported [application/json, application/*+json]
2020-02-29 18:48:31.983 [http-nio-8080-exec-4] DEBUG o.s.w.s.m.m.a.RequestResponseBodyMethodProcessor - Writing [{msg=, data=[IncomeHistory(incomeId=1, id=-1, source=散客计时游泳消费, incomeMoney=50.0, time=2020-02-20 14: (truncated)...]
2020-02-29 18:48:31.986 [http-nio-8080-exec-4] DEBUG org.springframework.web.servlet.DispatcherServlet - Completed 200 OK
2020-02-29 18:48:34.701 [http-nio-8080-exec-1] DEBUG org.springframework.web.servlet.DispatcherServlet - GET "/points-management/points-goods-list.html?timesSamp=1582973305199", parameters={masked}
2020-02-29 18:48:34.701 [http-nio-8080-exec-1] DEBUG o.s.w.s.m.m.a.RequestMappingHandlerMapping - Mapped to com.swim.controller.PageController#toPointsGoods()
2020-02-29 18:48:34.704 [http-nio-8080-exec-1] DEBUG org.springframework.web.servlet.DispatcherServlet - Completed 200 OK
2020-02-29 18:48:34.824 [http-nio-8080-exec-3] DEBUG org.springframework.web.servlet.DispatcherServlet - GET "/points-management/selectPointsGoods?page=1&limit=10", parameters={masked}
2020-02-29 18:48:34.825 [http-nio-8080-exec-3] DEBUG o.s.w.s.m.m.a.RequestMappingHandlerMapping - Mapped to com.swim.controller.PointsController#selectPointsGoods(Integer, Integer)
2020-02-29 18:48:34.825 [http-nio-8080-exec-3] DEBUG com.swim.dao.IPointsMapper.getGoodsCount - ==>  Preparing: select count(points_goods_id) from points_goods 
2020-02-29 18:48:34.826 [http-nio-8080-exec-3] DEBUG com.swim.dao.IPointsMapper.getGoodsCount - ==> Parameters: 
2020-02-29 18:48:34.827 [http-nio-8080-exec-3] DEBUG com.swim.dao.IPointsMapper.getGoodsCount - <==      Total: 1
2020-02-29 18:48:34.827 [http-nio-8080-exec-3] DEBUG com.swim.dao.IPointsMapper.getPointsGoodsList - ==>  Preparing: select * from points_goods limit 0,10 
2020-02-29 18:48:34.828 [http-nio-8080-exec-3] DEBUG com.swim.dao.IPointsMapper.getPointsGoodsList - ==> Parameters: 
2020-02-29 18:48:34.832 [http-nio-8080-exec-3] DEBUG com.swim.dao.IPointsMapper.getPointsGoodsList - <==      Total: 10
2020-02-29 18:48:34.833 [http-nio-8080-exec-3] DEBUG o.s.w.s.m.m.a.RequestResponseBodyMethodProcessor - Using 'application/json', given [application/json, text/javascript, */*;q=0.01] and supported [application/json, application/*+json]
2020-02-29 18:48:34.833 [http-nio-8080-exec-3] DEBUG o.s.w.s.m.m.a.RequestResponseBodyMethodProcessor - Writing [{msg=, data=[PointsGoods{pointsGoodsId=1, pointsGoodsName='一个月会员', pointsGoodsType=1, pointsGoodsVal (truncated)...]
2020-02-29 18:48:34.835 [http-nio-8080-exec-3] DEBUG org.springframework.web.servlet.DispatcherServlet - Completed 200 OK
2020-02-29 18:48:36.136 [http-nio-8080-exec-8] DEBUG org.springframework.web.servlet.DispatcherServlet - GET "/layui/css/modules/layer/default/icon.png", parameters={}
2020-02-29 18:48:36.137 [http-nio-8080-exec-8] DEBUG o.s.web.servlet.handler.SimpleUrlHandlerMapping - Mapped to ResourceHttpRequestHandler ["classpath:/static/"]
2020-02-29 18:48:36.140 [http-nio-8080-exec-5] DEBUG org.springframework.web.servlet.DispatcherServlet - GET "/layui/css/modules/layer/default/loading-1.gif", parameters={}
2020-02-29 18:48:36.140 [http-nio-8080-exec-5] DEBUG o.s.web.servlet.handler.SimpleUrlHandlerMapping - Mapped to ResourceHttpRequestHandler ["classpath:/static/"]
2020-02-29 18:48:36.141 [http-nio-8080-exec-7] DEBUG org.springframework.web.servlet.DispatcherServlet - GET "/points-management/alter-points-goods.html?pointsGoodsId=1", parameters={masked}
2020-02-29 18:48:36.141 [http-nio-8080-exec-7] DEBUG o.s.w.s.m.m.a.RequestMappingHandlerMapping - Mapped to com.swim.controller.PointsController#toAlterPointsGoods(Integer, Model)
2020-02-29 18:48:36.142 [http-nio-8080-exec-5] DEBUG org.springframework.web.servlet.DispatcherServlet - Completed 200 OK
2020-02-29 18:48:36.142 [http-nio-8080-exec-7] DEBUG com.swim.dao.IPointsMapper.getPointsGoodsById - ==>  Preparing: select * from points_goods where points_goods_id=? 
2020-02-29 18:48:36.142 [http-nio-8080-exec-7] DEBUG com.swim.dao.IPointsMapper.getPointsGoodsById - ==> Parameters: 1(Integer)
2020-02-29 18:48:36.143 [http-nio-8080-exec-8] DEBUG org.springframework.web.servlet.DispatcherServlet - Completed 200 OK
2020-02-29 18:48:36.143 [http-nio-8080-exec-7] DEBUG com.swim.dao.IPointsMapper.getPointsGoodsById - <==      Total: 1
2020-02-29 18:48:36.144 [http-nio-8080-exec-7] DEBUG com.swim.dao.IPointsMapper.getSumWeight - ==>  Preparing: select sum(points_goods_weight) from points_goods 
2020-02-29 18:48:36.145 [http-nio-8080-exec-7] DEBUG com.swim.dao.IPointsMapper.getSumWeight - ==> Parameters: 
2020-02-29 18:48:36.145 [http-nio-8080-exec-7] DEBUG com.swim.dao.IPointsMapper.getSumWeight - <==      Total: 1
2020-02-29 18:48:36.157 [http-nio-8080-exec-7] DEBUG org.springframework.web.servlet.DispatcherServlet - Completed 200 OK
2020-02-29 18:48:44.341 [http-nio-8080-exec-6] DEBUG org.springframework.web.servlet.DispatcherServlet - GET "/goods-management/goods-list.html?timesSamp=1582973302424", parameters={masked}
2020-02-29 18:48:44.341 [http-nio-8080-exec-6] DEBUG o.s.w.s.m.m.a.RequestMappingHandlerMapping - Mapped to com.swim.controller.PageController#toGoodsList()
2020-02-29 18:48:44.344 [http-nio-8080-exec-6] DEBUG org.springframework.web.servlet.DispatcherServlet - Completed 200 OK
2020-02-29 18:48:44.438 [http-nio-8080-exec-10] DEBUG org.springframework.web.servlet.DispatcherServlet - GET "/goods-management/goodsList?page=1&limit=10", parameters={masked}
2020-02-29 18:48:44.438 [http-nio-8080-exec-10] DEBUG o.s.w.s.m.m.a.RequestMappingHandlerMapping - Mapped to com.swim.controller.GoodsController#getGoodsList(Integer, Integer)
2020-02-29 18:48:44.439 [http-nio-8080-exec-10] DEBUG com.swim.dao.IGoodsMapper.getGoodsCount - ==>  Preparing: select count(goods_id) from goods 
2020-02-29 18:48:44.440 [http-nio-8080-exec-10] DEBUG com.swim.dao.IGoodsMapper.getGoodsCount - ==> Parameters: 
2020-02-29 18:48:44.441 [http-nio-8080-exec-10] DEBUG com.swim.dao.IGoodsMapper.getGoodsCount - <==      Total: 1
2020-02-29 18:48:44.441 [http-nio-8080-exec-10] DEBUG com.swim.dao.IGoodsMapper.getGoodsList - ==>  Preparing: select * from goods LIMIT 0,? 
2020-02-29 18:48:44.442 [http-nio-8080-exec-10] DEBUG com.swim.dao.IGoodsMapper.getGoodsList - ==> Parameters: 10(Integer)
2020-02-29 18:48:44.445 [http-nio-8080-exec-10] DEBUG com.swim.dao.IGoodsMapper.getGoodsList - <==      Total: 8
2020-02-29 18:48:44.446 [http-nio-8080-exec-10] DEBUG o.s.w.s.m.m.a.RequestResponseBodyMethodProcessor - Using 'application/json', given [application/json, text/javascript, */*;q=0.01] and supported [application/json, application/*+json]
2020-02-29 18:48:44.446 [http-nio-8080-exec-10] DEBUG o.s.w.s.m.m.a.RequestResponseBodyMethodProcessor - Writing [{msg=, data=[Goods{goodsId=1, goodsName='游泳计时费用', goodsMessage='单位：元/小时', goodsPrice=7.0, goodsType= (truncated)...]
2020-02-29 18:48:44.449 [http-nio-8080-exec-10] DEBUG org.springframework.web.servlet.DispatcherServlet - Completed 200 OK
2020-02-29 18:48:44.697 [http-nio-8080-exec-9] DEBUG org.springframework.web.servlet.DispatcherServlet - GET "/goods-management/goods-add.html?timesSamp=1582973303160", parameters={masked}
2020-02-29 18:48:44.698 [http-nio-8080-exec-9] DEBUG o.s.w.s.m.m.a.RequestMappingHandlerMapping - Mapped to com.swim.controller.PageController#toGoodsAdd()
2020-02-29 18:48:44.703 [http-nio-8080-exec-9] DEBUG org.springframework.web.servlet.DispatcherServlet - Completed 200 OK
