2020-02-23 10:34:54.943 [main] WARN  o.s.b.t.j.DuplicateJsonObjectContextCustomizerFactory$DuplicateJsonObjectContextCustomizer - 

Found multiple occurrences of org.json.JSONObject on the class path:

	jar:file:/D:/maven/repo/com/vaadin/external/google/android-json/0.0.20131108.vaadin1/android-json-0.0.20131108.vaadin1.jar!/org/json/JSONObject.class
	jar:file:/D:/maven/repo/org/json/json/20160810/json-20160810.jar!/org/json/JSONObject.class

You may wish to exclude one of them to ensure predictable runtime behavior

2020-02-23 10:41:24.088 [main] WARN  org.apache.catalina.loader.WebappClassLoaderBase - The web application [ROOT] appears to have started a thread named [logback-1] but has failed to stop it. This is very likely to create a memory leak. Stack trace of thread:
 java.util.regex.Pattern.accept(Unknown Source)
 java.util.regex.Pattern.group0(Unknown Source)
 java.util.regex.Pattern.sequence(Unknown Source)
 java.util.regex.Pattern.expr(Unknown Source)
 java.util.regex.Pattern.compile(Unknown Source)
 java.util.regex.Pattern.<init>(Unknown Source)
 java.util.regex.Pattern.compile(Unknown Source)
 java.util.regex.Pattern.matches(Unknown Source)
 java.lang.String.matches(Unknown Source)
 ch.qos.logback.core.rolling.helper.FileFilterUtil$3.accept(FileFilterUtil.java:84)
 java.io.File.listFiles(Unknown Source)
 ch.qos.logback.core.rolling.helper.FileFilterUtil.filesInFolderMatchingStemRegex(FileFilterUtil.java:82)
 ch.qos.logback.core.rolling.helper.SizeAndTimeBasedArchiveRemover.getFilesInPeriod(SizeAndTimeBasedArchiveRemover.java:29)
 ch.qos.logback.core.rolling.helper.TimeBasedArchiveRemover.cleanPeriod(TimeBasedArchiveRemover.java:84)
 ch.qos.logback.core.rolling.helper.TimeBasedArchiveRemover.clean(TimeBasedArchiveRemover.java:64)
 ch.qos.logback.core.rolling.helper.TimeBasedArchiveRemover$ArhiveRemoverRunnable.run(TimeBasedArchiveRemover.java:242)
 java.util.concurrent.Executors$RunnableAdapter.call(Unknown Source)
 java.util.concurrent.FutureTask.run(Unknown Source)
 java.util.concurrent.ScheduledThreadPoolExecutor$ScheduledFutureTask.access$201(Unknown Source)
 java.util.concurrent.ScheduledThreadPoolExecutor$ScheduledFutureTask.run(Unknown Source)
 java.util.concurrent.ThreadPoolExecutor.runWorker(Unknown Source)
 java.util.concurrent.ThreadPoolExecutor$Worker.run(Unknown Source)
 java.lang.Thread.run(Unknown Source)
