2020-02-21 13:53:23.554 [restartedMain] WARN  org.apache.tomcat.util.modeler.Registry - The MBean registry cannot be disabled because it has already been initialised
2020-02-21 13:53:23.679 [restartedMain] WARN  o.a.c.core.ContainerBase.[Tomcat].[localhost].[/] - Cannot deserialize session attribute [org.apache.shiro.subject.support.DefaultSubjectContext_PRINCIPALS_SESSION_KEY] for session [FC6A198DCBF3896AA19E020BF22DEF8F]
2020-02-21 16:52:15.120 [restartedMain] WARN  org.apache.tomcat.util.modeler.Registry - The MBean registry cannot be disabled because it has already been initialised
2020-02-21 16:52:15.220 [restartedMain] WARN  o.a.c.core.ContainerBase.[Tomcat].[localhost].[/] - Cannot deserialize session attribute [org.apache.shiro.subject.support.DefaultSubjectContext_PRINCIPALS_SESSION_KEY] for session [8B8A313DDAAD3C794FEC0D71B5FA757F]
2020-02-21 16:58:20.120 [restartedMain] WARN  org.apache.tomcat.util.modeler.Registry - The MBean registry cannot be disabled because it has already been initialised
2020-02-21 16:58:20.244 [restartedMain] WARN  o.a.c.core.ContainerBase.[Tomcat].[localhost].[/] - Cannot deserialize session attribute [org.apache.shiro.subject.support.DefaultSubjectContext_PRINCIPALS_SESSION_KEY] for session [A1F7B13BBF4B528D28304392B5022A7C]
2020-02-21 17:04:13.191 [restartedMain] WARN  org.apache.tomcat.util.modeler.Registry - The MBean registry cannot be disabled because it has already been initialised
2020-02-21 17:04:13.303 [restartedMain] WARN  o.a.c.core.ContainerBase.[Tomcat].[localhost].[/] - Cannot deserialize session attribute [org.apache.shiro.subject.support.DefaultSubjectContext_PRINCIPALS_SESSION_KEY] for session [77C2C752CE99E3A7BB304D5336D90734]
2020-02-21 18:59:27.084 [http-nio-8080-exec-2] WARN  com.swim.controller.LoginController - 密码错误
2020-02-21 19:00:55.859 [http-nio-8080-exec-9] WARN  com.swim.controller.LoginController - 密码错误
2020-02-21 19:05:27.561 [restartedMain] WARN  org.apache.tomcat.util.modeler.Registry - The MBean registry cannot be disabled because it has already been initialised
2020-02-21 19:05:57.401 [restartedMain] WARN  org.apache.tomcat.util.modeler.Registry - The MBean registry cannot be disabled because it has already been initialised
2020-02-21 19:08:30.479 [restartedMain] WARN  org.apache.tomcat.util.modeler.Registry - The MBean registry cannot be disabled because it has already been initialised
2020-02-21 19:08:58.556 [restartedMain] WARN  org.apache.tomcat.util.modeler.Registry - The MBean registry cannot be disabled because it has already been initialised
2020-02-21 19:13:36.952 [restartedMain] WARN  org.apache.tomcat.util.modeler.Registry - The MBean registry cannot be disabled because it has already been initialised
2020-02-21 19:14:00.414 [restartedMain] WARN  org.apache.tomcat.util.modeler.Registry - The MBean registry cannot be disabled because it has already been initialised
2020-02-21 19:14:16.008 [restartedMain] WARN  org.apache.tomcat.util.modeler.Registry - The MBean registry cannot be disabled because it has already been initialised
2020-02-21 19:14:31.693 [restartedMain] WARN  org.apache.tomcat.util.modeler.Registry - The MBean registry cannot be disabled because it has already been initialised
2020-02-21 19:16:48.101 [restartedMain] WARN  org.apache.tomcat.util.modeler.Registry - The MBean registry cannot be disabled because it has already been initialised
2020-02-21 19:17:22.949 [restartedMain] WARN  org.apache.tomcat.util.modeler.Registry - The MBean registry cannot be disabled because it has already been initialised
2020-02-21 19:30:21.018 [restartedMain] WARN  org.apache.tomcat.util.modeler.Registry - The MBean registry cannot be disabled because it has already been initialised
2020-02-21 19:31:03.717 [restartedMain] WARN  org.apache.tomcat.util.modeler.Registry - The MBean registry cannot be disabled because it has already been initialised
2020-02-21 19:32:12.368 [restartedMain] WARN  org.apache.tomcat.util.modeler.Registry - The MBean registry cannot be disabled because it has already been initialised
2020-02-21 19:33:34.873 [restartedMain] WARN  org.apache.tomcat.util.modeler.Registry - The MBean registry cannot be disabled because it has already been initialised
2020-02-21 19:35:50.692 [restartedMain] WARN  org.apache.tomcat.util.modeler.Registry - The MBean registry cannot be disabled because it has already been initialised
2020-02-21 21:18:17.374 [restartedMain] WARN  org.apache.tomcat.util.modeler.Registry - The MBean registry cannot be disabled because it has already been initialised
2020-02-21 21:54:06.246 [main] WARN  o.s.b.t.j.DuplicateJsonObjectContextCustomizerFactory$DuplicateJsonObjectContextCustomizer - 

Found multiple occurrences of org.json.JSONObject on the class path:

	jar:file:/D:/maven/repo/com/vaadin/external/google/android-json/0.0.20131108.vaadin1/android-json-0.0.20131108.vaadin1.jar!/org/json/JSONObject.class
	jar:file:/D:/maven/repo/org/json/json/20160810/json-20160810.jar!/org/json/JSONObject.class

You may wish to exclude one of them to ensure predictable runtime behavior

